# JRE version: Java(TM) SE Runtime Environment (8.0_211-b12) (build 1.8.0_211-b12)
# Java VM: Java HotSpot(TM) 64-Bit Server VM (25.211-b12 mixed mode windows-amd64 compressed oops)
Heap:
 PSYoungGen      total 238592K, used 71989K [0x00000000d6200000, 0x00000000ec980000, 0x0000000100000000)
  eden space 225792K, 31% used [0x00000000d6200000,0x00000000da84d7d8,0x00000000e3e80000)
  from space 12800K, 0% used [0x00000000e3e80000,0x00000000e3e80000,0x00000000e4b00000)
  to   space 12288K, 0% used [0x00000000ebd80000,0x00000000ebd80000,0x00000000ec980000)
 ParOldGen       total 50176K, used 13247K [0x0000000082600000, 0x0000000085700000, 0x00000000d6200000)
  object space 50176K, 26% used [0x0000000082600000,0x00000000832eff80,0x0000000085700000)
 Metaspace       used 40156K, capacity 42416K, committed 42496K, reserved 1089536K
  class space    used 5398K, capacity 5836K, committed 5888K, reserved 1048576K
GC Heap History (10 events):
Event: 1.257 GC heap before
{Heap before GC invocations=7 (full 1):
 PSYoungGen      total 139264K, used 7909K [0x00000000d6200000, 0x00000000df600000, 0x0000000100000000)
  eden space 130048K, 0% used [0x00000000d6200000,0x00000000d6200000,0x00000000de100000)
  from space 9216K, 85% used [0x00000000deb00000,0x00000000df2b9488,0x00000000df400000)
  to   space 10240K, 0% used [0x00000000de100000,0x00000000de100000,0x00000000deb00000)
 ParOldGen       total 86016K, used 5009K [0x0000000082600000, 0x0000000087a00000, 0x00000000d6200000)
  object space 86016K, 5% used [0x0000000082600000,0x0000000082ae47e8,0x0000000087a00000)
 Metaspace       used 20354K, capacity 21216K, committed 21296K, reserved 1067008K
  class space    used 2667K, capacity 2869K, committed 2944K, reserved 1048576K
Event: 1.276 GC heap after
Heap after GC invocations=7 (full 1):
 PSYoungGen      total 139264K, used 0K [0x00000000d6200000, 0x00000000df600000, 0x0000000100000000)
  eden space 130048K, 0% used [0x00000000d6200000,0x00000000d6200000,0x00000000de100000)
  from space 9216K, 0% used [0x00000000deb00000,0x00000000deb00000,0x00000000df400000)
  to   space 10240K, 0% used [0x00000000de100000,0x00000000de100000,0x00000000deb00000)
 ParOldGen       total 50176K, used 7829K [0x0000000082600000, 0x0000000085700000, 0x00000000d6200000)
  object space 50176K, 15% used [0x0000000082600000,0x0000000082da5648,0x0000000085700000)
 Metaspace       used 20352K, capacity 21210K, committed 21296K, reserved 1067008K
  class space    used 2666K, capacity 2868K, committed 2944K, reserved 1048576K
}
Event: 1.745 GC heap before
{Heap before GC invocations=8 (full 1):
 PSYoungGen      total 139264K, used 130048K [0x00000000d6200000, 0x00000000df600000, 0x0000000100000000)
  eden space 130048K, 100% used [0x00000000d6200000,0x00000000de100000,0x00000000de100000)
  from space 9216K, 0% used [0x00000000deb00000,0x00000000deb00000,0x00000000df400000)
  to   space 10240K, 0% used [0x00000000de100000,0x00000000de100000,0x00000000deb00000)
 ParOldGen       total 50176K, used 7829K [0x0000000082600000, 0x0000000085700000, 0x00000000d6200000)
  object space 50176K, 15% used [0x0000000082600000,0x0000000082da5648,0x0000000085700000)
 Metaspace       used 27367K, capacity 29170K, committed 29440K, reserved 1075200K
  class space    used 3664K, capacity 3991K, committed 4096K, reserved 1048576K
Event: 1.751 GC heap after
Heap after GC invocations=8 (full 1):
 PSYoungGen      total 140288K, used 9741K [0x00000000d6200000, 0x00000000e5800000, 0x0000000100000000)
  eden space 130048K, 0% used [0x00000000d6200000,0x00000000d6200000,0x00000000de100000)
  from space 10240K, 95% used [0x00000000de100000,0x00000000dea837b8,0x00000000deb00000)
  to   space 11264K, 0% used [0x00000000e4d00000,0x00000000e4d00000,0x00000000e5800000)
 ParOldGen       total 50176K, used 7837K [0x0000000082600000, 0x0000000085700000, 0x00000000d6200000)
  object space 50176K, 15% used [0x0000000082600000,0x0000000082da7648,0x0000000085700000)
 Metaspace       used 27367K, capacity 29170K, committed 29440K, reserved 1075200K
  class space    used 3664K, capacity 3991K, committed 4096K, reserved 1048576K
}
Event: 2.053 GC heap before
{Heap before GC invocations=9 (full 1):
 PSYoungGen      total 140288K, used 109261K [0x00000000d6200000, 0x00000000e5800000, 0x0000000100000000)
  eden space 130048K, 76% used [0x00000000d6200000,0x00000000dc32fd80,0x00000000de100000)
  from space 10240K, 95% used [0x00000000de100000,0x00000000dea837b8,0x00000000deb00000)
  to   space 11264K, 0% used [0x00000000e4d00000,0x00000000e4d00000,0x00000000e5800000)
 ParOldGen       total 50176K, used 7837K [0x0000000082600000, 0x0000000085700000, 0x00000000d6200000)
  object space 50176K, 15% used [0x0000000082600000,0x0000000082da7648,0x0000000085700000)
 Metaspace       used 33514K, capacity 35478K, committed 35712K, reserved 1081344K
  class space    used 4337K, capacity 4701K, committed 4736K, reserved 1048576K
Event: 2.059 GC heap after
Heap after GC invocations=9 (full 1):
 PSYoungGen      total 236032K, used 10639K [0x00000000d6200000, 0x00000000e5780000, 0x0000000100000000)
  eden space 225280K, 0% used [0x00000000d6200000,0x00000000d6200000,0x00000000e3e00000)
  from space 10752K, 98% used [0x00000000e4d00000,0x00000000e5763d80,0x00000000e5780000)
  to   space 12800K, 0% used [0x00000000e3e80000,0x00000000e3e80000,0x00000000e4b00000)
 ParOldGen       total 50176K, used 7845K [0x0000000082600000, 0x0000000085700000, 0x00000000d6200000)
  object space 50176K, 15% used [0x0000000082600000,0x0000000082da9648,0x0000000085700000)
 Metaspace       used 33514K, capacity 35478K, committed 35712K, reserved 1081344K
  class space    used 4337K, capacity 4701K, committed 4736K, reserved 1048576K
}
Event: 2.067 GC heap before
{Heap before GC invocations=10 (full 1):
 PSYoungGen      total 236032K, used 20913K [0x00000000d6200000, 0x00000000e5780000, 0x0000000100000000)
  eden space 225280K, 4% used [0x00000000d6200000,0x00000000d6c08818,0x00000000e3e00000)
  from space 10752K, 98% used [0x00000000e4d00000,0x00000000e5763d80,0x00000000e5780000)
  to   space 12800K, 0% used [0x00000000e3e80000,0x00000000e3e80000,0x00000000e4b00000)
 ParOldGen       total 50176K, used 7845K [0x0000000082600000, 0x0000000085700000, 0x00000000d6200000)
  object space 50176K, 15% used [0x0000000082600000,0x0000000082da9648,0x0000000085700000)
 Metaspace       used 33792K, capacity 35690K, committed 35828K, reserved 1081344K
  class space    used 4370K, capacity 4705K, committed 4736K, reserved 1048576K
Event: 2.072 GC heap after
Heap after GC invocations=10 (full 1):
 PSYoungGen      total 238592K, used 7198K [0x00000000d6200000, 0x00000000ec980000, 0x0000000100000000)
  eden space 225792K, 0% used [0x00000000d6200000,0x00000000d6200000,0x00000000e3e80000)
  from space 12800K, 56% used [0x00000000e3e80000,0x00000000e45878b0,0x00000000e4b00000)
  to   space 12288K, 0% used [0x00000000ebd80000,0x00000000ebd80000,0x00000000ec980000)
 ParOldGen       total 50176K, used 7845K [0x0000000082600000, 0x0000000085700000, 0x00000000d6200000)
  object space 50176K, 15% used [0x0000000082600000,0x0000000082da9648,0x0000000085700000)
 Metaspace       used 33792K, capacity 35690K, committed 35828K, reserved 1081344K
  class space    used 4370K, capacity 4705K, committed 4736K, reserved 1048576K
}
Event: 2.072 GC heap before
{Heap before GC invocations=11 (full 2):
 PSYoungGen      total 238592K, used 7198K [0x00000000d6200000, 0x00000000ec980000, 0x0000000100000000)
  eden space 225792K, 0% used [0x00000000d6200000,0x00000000d6200000,0x00000000e3e80000)
  from space 12800K, 56% used [0x00000000e3e80000,0x00000000e45878b0,0x00000000e4b00000)
  to   space 12288K, 0% used [0x00000000ebd80000,0x00000000ebd80000,0x00000000ec980000)
 ParOldGen       total 50176K, used 7845K [0x0000000082600000, 0x0000000085700000, 0x00000000d6200000)
  object space 50176K, 15% used [0x0000000082600000,0x0000000082da9648,0x0000000085700000)
 Metaspace       used 33792K, capacity 35690K, committed 35828K, reserved 1081344K
  class space    used 4370K, capacity 4705K, committed 4736K, reserved 1048576K
Event: 2.095 GC heap after
Heap after GC invocations=11 (full 2):
 PSYoungGen      total 238592K, used 0K [0x00000000d6200000, 0x00000000ec980000, 0x0000000100000000)
  eden space 225792K, 0% used [0x00000000d6200000,0x00000000d6200000,0x00000000e3e80000)
  from space 12800K, 0% used [0x00000000e3e80000,0x00000000e3e80000,0x00000000e4b00000)
  to   space 12288K, 0% used [0x00000000ebd80000,0x00000000ebd80000,0x00000000ec980000)
 ParOldGen       total 50176K, used 13247K [0x0000000082600000, 0x0000000085700000, 0x00000000d6200000)
  object space 50176K, 26% used [0x0000000082600000,0x00000000832eff80,0x0000000085700000)
 Metaspace       used 33792K, capacity 35690K, committed 35828K, reserved 1081344K
  class space    used 4370K, capacity 4705K, committed 4736K, reserved 1048576K
}

